<?xml version="1.0" encoding="UTF-8"?>
<testng-results ignored="0" total="1" passed="1" failed="0" skipped="0">
  <reporter-output>
  </reporter-output>
  <suite started-at="2021-09-05T16:38:36 EDT" name="Suite" finished-at="2021-09-05T16:38:45 EDT" duration-ms="9355">
    <groups>
    </groups>
    <test started-at="2021-09-05T16:38:36 EDT" name="Test" finished-at="2021-09-05T16:38:45 EDT" duration-ms="9355">
      <class name="com.sdet.TC_Login">
        <test-method signature="login_Test()[pri:0, instance:com.sdet.TC_Login@4e268090]" started-at="2021-09-05T16:38:36 EDT" name="login_Test" finished-at="2021-09-05T16:38:45 EDT" duration-ms="9323" status="PASS">
          <reporter-output>
          </reporter-output>
        </test-method> <!-- login_Test -->
      </class> <!-- com.sdet.TC_Login -->
    </test> <!-- Test -->
  </suite> <!-- Suite -->
</testng-results>
